-------------------------------------------------------------------------------
Test set: com.zensar.spring.boot.demo.ApplicationTests
-------------------------------------------------------------------------------
Tests run: 1, Failures: 0, Errors: 1, Skipped: 0, Time elapsed: 12.6 s <<< FAILURE! - in com.zensar.spring.boot.demo.ApplicationTests
contextLoads  Time elapsed: 0.025 s  <<< ERROR!
java.lang.IllegalStateException: Failed to load ApplicationContext
Caused by: org.springframework.beans.factory.BeanCreationException: 
Error creating bean with name 'entityManagerFactory' defined in class path resource [org/springframework/boot/autoconfigure/orm/jpa/HibernateJpaConfiguration.class]: Invocation of init method failed; nested exception is javax.persistence.PersistenceException: [PersistenceUnit: default] Unable to build Hibernate SessionFactory; nested exception is org.hibernate.HibernateException: Errors in named queries: 
Student.test failed because of: org.hibernate.hql.internal.ast.QuerySyntaxException: Students is not mapped [from Students where s. studentName=?1]
Caused by: javax.persistence.PersistenceException: 
[PersistenceUnit: default] Unable to build Hibernate SessionFactory; nested exception is org.hibernate.HibernateException: Errors in named queries: 
Student.test failed because of: org.hibernate.hql.internal.ast.QuerySyntaxException: Students is not mapped [from Students where s. studentName=?1]
Caused by: org.hibernate.HibernateException: 
Errors in named queries: 
Student.test failed because of: org.hibernate.hql.internal.ast.QuerySyntaxException: Students is not mapped [from Students where s. studentName=?1]

